<?xml version="1.0" encoding="UTF-8"?>
<!-- Generated by org.testng.reporters.JUnitReportReporter -->
<testsuite skipped="0" hostname="DESKTOP-ILFRJ2G" name="cool.Test5" tests="1" failures="0" timestamp="22 Oct 2018 15:26:28 GMT" time="0.015" errors="0">
  <testcase name="Test1" time="0.015" classname="cool.Test5"/>
</testsuite> <!-- cool.Test5 -->
