<?xml version="1.0" encoding="UTF-8"?>
<!-- Generated by org.testng.reporters.JUnitReportReporter -->
<testsuite skipped="0" hostname="DESKTOP-ILFRJ2G" name="cool.Test7" tests="1" failures="0" timestamp="22 Oct 2018 15:26:28 GMT" time="0.000" errors="0">
  <testcase name="Test3" time="0.000" classname="cool.Test7"/>
</testsuite> <!-- cool.Test7 -->
