<?xml version="1.0" encoding="UTF-8"?>
<!-- Generated by org.testng.reporters.JUnitReportReporter -->
<testsuite skipped="0" hostname="DESKTOP-ILFRJ2G" name="cool.Test3" tests="2" failures="0" timestamp="22 Oct 2018 13:24:59 GMT" time="0.034" errors="0">
  <testcase name="justPrintTest" time="0.029" classname="cool.Test3"/>
  <testcase name="justPrintTest1" time="0.005" classname="cool.Test3"/>
</testsuite> <!-- cool.Test3 -->
