<?xml version="1.0" encoding="UTF-8"?>
<!-- Generated by org.testng.reporters.JUnitReportReporter -->
<testsuite skipped="0" hostname="DESKTOP-ILFRJ2G" name="cool.Test2" tests="1" failures="0" timestamp="20 Oct 2018 13:02:57 GMT" time="0.031" errors="0">
  <testcase name="justPrintTest" time="0.031" classname="cool.Test2"/>
</testsuite> <!-- cool.Test2 -->
