<?xml version="1.0" encoding="UTF-8"?>
<!-- Generated by org.testng.reporters.JUnitReportReporter -->
<testsuite skipped="0" hostname="DESKTOP-ILFRJ2G" name="cool.Test4" tests="2" failures="0" timestamp="22 Oct 2018 13:59:48 GMT" time="0.016" errors="0">
  <testcase name="justPrintTest" time="0.012" classname="cool.Test4"/>
  <testcase name="justPrintTest1" time="0.004" classname="cool.Test4"/>
</testsuite> <!-- cool.Test4 -->
