<?xml version="1.0" encoding="UTF-8"?>
<!-- Generated by org.testng.reporters.JUnitReportReporter -->
<testsuite skipped="0" hostname="DESKTOP-ILFRJ2G" name="cool.Test1" tests="1" failures="0" timestamp="29 Oct 2018 12:58:51 GMT" time="0.016" errors="0">
  <testcase name="justPrintTest" time="0.016" classname="cool.Test1"/>
</testsuite> <!-- cool.Test1 -->
