<?xml version="1.0" encoding="UTF-8"?>
<!-- Generated by org.testng.reporters.JUnitReportReporter -->
<testsuite skipped="0" hostname="DESKTOP-ILFRJ2G" name="cool.WindowsNavigate" tests="1" failures="0" timestamp="29 Oct 2018 14:26:33 GMT" time="31.459" errors="0">
  <testcase name="windowHandle" time="31.459" classname="cool.WindowsNavigate"/>
</testsuite> <!-- cool.WindowsNavigate -->
